0 info it worked if it ends with ok
1 verbose cli [ '/usr/bin/nodejs', '/usr/bin/npm', 'install', 'undersocre' ]
2 info using npm@1.4.21
3 info using node@v0.10.25
4 warn package.json fs@0.0.2 No repository field.
5 verbose cache add [ 'undersocre', null ]
6 verbose cache add name=undefined spec="undersocre" args=["undersocre",null]
7 verbose parsed url { protocol: null,
7 verbose parsed url   slashes: null,
7 verbose parsed url   auth: null,
7 verbose parsed url   host: null,
7 verbose parsed url   port: null,
7 verbose parsed url   hostname: null,
7 verbose parsed url   hash: null,
7 verbose parsed url   search: null,
7 verbose parsed url   query: null,
7 verbose parsed url   pathname: 'undersocre',
7 verbose parsed url   path: 'undersocre',
7 verbose parsed url   href: 'undersocre' }
8 silly lockFile 368a704c-undersocre undersocre
9 verbose lock undersocre /home/luhantao/.npm/368a704c-undersocre.lock
10 silly lockFile 368a704c-undersocre undersocre
11 silly lockFile 368a704c-undersocre undersocre
12 verbose addNamed [ 'undersocre', '' ]
13 verbose addNamed [ null, '*' ]
14 silly lockFile c05827ae-undersocre undersocre@
15 verbose lock undersocre@ /home/luhantao/.npm/c05827ae-undersocre.lock
16 silly addNameRange { name: 'undersocre', range: '*', hasData: false }
17 verbose request where is /undersocre
18 verbose request registry https://registry.npmjs.org/
19 verbose request id 12da8af21c22869f
20 verbose url raw /undersocre
21 verbose url resolving [ 'https://registry.npmjs.org/', './undersocre' ]
22 verbose url resolved https://registry.npmjs.org/undersocre
23 verbose request where is https://registry.npmjs.org/undersocre
24 info trying registry request attempt 1 at 15:34:10
25 http GET https://registry.npmjs.org/undersocre
26 http 404 https://registry.npmjs.org/undersocre
27 verbose headers { server: 'CouchDB/1.5.0 (Erlang OTP/R16B03)',
27 verbose headers   'content-type': 'application/json',
27 verbose headers   'cache-control': 'max-age=0',
27 verbose headers   'content-length': '51',
27 verbose headers   'accept-ranges': 'bytes',
27 verbose headers   date: 'Fri, 19 Jun 2015 07:34:11 GMT',
27 verbose headers   via: '1.1 varnish',
27 verbose headers   age: '0',
27 verbose headers   connection: 'keep-alive',
27 verbose headers   'x-served-by': 'cache-hkg6824-HKG',
27 verbose headers   'x-cache': 'MISS',
27 verbose headers   'x-cache-hits': '0',
27 verbose headers   'x-timer': 'S1434699250.789493,VS0,VE250' }
28 silly registry.get cb [ 404,
28 silly registry.get   { server: 'CouchDB/1.5.0 (Erlang OTP/R16B03)',
28 silly registry.get     'content-type': 'application/json',
28 silly registry.get     'cache-control': 'max-age=0',
28 silly registry.get     'content-length': '51',
28 silly registry.get     'accept-ranges': 'bytes',
28 silly registry.get     date: 'Fri, 19 Jun 2015 07:34:11 GMT',
28 silly registry.get     via: '1.1 varnish',
28 silly registry.get     age: '0',
28 silly registry.get     connection: 'keep-alive',
28 silly registry.get     'x-served-by': 'cache-hkg6824-HKG',
28 silly registry.get     'x-cache': 'MISS',
28 silly registry.get     'x-cache-hits': '0',
28 silly registry.get     'x-timer': 'S1434699250.789493,VS0,VE250' } ]
29 silly lockFile c05827ae-undersocre undersocre@
30 silly lockFile c05827ae-undersocre undersocre@
31 error 404 404 Not Found: undersocre
31 error 404
31 error 404 'undersocre' is not in the npm registry.
31 error 404 You should bug the author to publish it
31 error 404
31 error 404 Note that you can also install from a
31 error 404 tarball, folder, or http url, or git url.
32 error System Linux 3.16.0-34-generic
33 error command "/usr/bin/nodejs" "/usr/bin/npm" "install" "undersocre"
34 error cwd /home/luhantao/web-scraper-demo
35 error node -v v0.10.25
36 error npm -v 1.4.21
37 error code E404
38 verbose exit [ 1, true ]
